2024-10-09 12:34:48,301 - INFO - ETL Pipeline started.
2024-10-09 12:34:48,425 - INFO - Data successfully fetched from API.
2024-10-09 12:34:48,573 - INFO - Data transformation completed successfully.
2024-10-09 12:34:53,206 - INFO - Data loaded successfully to crime-in-sweden-project.Crime_in_Sweden.events.
2024-10-09 12:34:53,207 - INFO - ETL Pipeline finished. Total duration: 0:00:04.906309
2024-10-11 13:52:56,928 - INFO - ETL Pipeline started.
2024-10-11 13:52:57,227 - INFO - Data successfully fetched from API.
2024-10-11 13:52:57,513 - INFO - Data transformation completed successfully.
2024-10-11 13:53:04,572 - INFO - Data loaded successfully to crime-in-sweden-project.Crime_in_Sweden.events.
2024-10-11 13:53:04,572 - INFO - ETL Pipeline finished. Total duration: 0:00:07.643457
2024-10-12 10:26:53,263 - INFO - ETL Pipeline started.
2024-10-12 10:26:53,412 - INFO - Data successfully fetched from API.
2024-10-12 10:26:54,332 - INFO - Data transformation completed successfully.
2024-10-12 10:27:01,027 - INFO - Data loaded successfully to crime-in-sweden-project.Crime_in_Sweden.events.
2024-10-12 10:27:01,027 - INFO - ETL Pipeline finished. Total duration: 0:00:07.764542
2024-10-12 10:27:52,173 - INFO - ETL Pipeline started.
2024-10-12 10:27:52,274 - INFO - Data successfully fetched from API.
2024-10-12 10:27:52,414 - INFO - Data transformation completed successfully.
2024-10-12 10:27:56,525 - INFO - Data loaded successfully to crime-in-sweden-project.Crime_in_Sweden.events.
2024-10-12 10:27:56,526 - INFO - ETL Pipeline finished. Total duration: 0:00:04.353326
2024-10-13 10:55:33,331 - INFO - ETL Pipeline started.
2024-10-13 10:55:33,346 - ERROR - An error occurred during data extraction: HTTPSConnectionPool(host='polisen.se', port=443): Max retries exceeded with url: /api/events (Caused by NameResolutionError("<urllib3.connection.HTTPSConnection object at 0x000002027FDF12A0>: Failed to resolve 'polisen.se' ([Errno 11001] getaddrinfo failed)"))
2024-10-13 10:55:33,346 - INFO - ETL Pipeline finished. Total duration: 0:00:00.015634
2024-10-13 10:55:41,013 - INFO - ETL Pipeline started.
2024-10-13 10:55:41,029 - ERROR - An error occurred during data extraction: HTTPSConnectionPool(host='polisen.se', port=443): Max retries exceeded with url: /api/events (Caused by NameResolutionError("<urllib3.connection.HTTPSConnection object at 0x0000015B2A0E17B0>: Failed to resolve 'polisen.se' ([Errno 11001] getaddrinfo failed)"))
2024-10-13 10:55:41,029 - INFO - ETL Pipeline finished. Total duration: 0:00:00.015605
2024-10-13 10:55:42,373 - INFO - ETL Pipeline started.
2024-10-13 10:55:42,384 - ERROR - An error occurred during data extraction: HTTPSConnectionPool(host='polisen.se', port=443): Max retries exceeded with url: /api/events (Caused by NameResolutionError("<urllib3.connection.HTTPSConnection object at 0x0000027F066E5540>: Failed to resolve 'polisen.se' ([Errno 11001] getaddrinfo failed)"))
2024-10-13 10:55:42,384 - INFO - ETL Pipeline finished. Total duration: 0:00:00.011152
2024-10-13 10:57:12,200 - INFO - ETL Pipeline started.
2024-10-13 10:57:12,364 - INFO - Data successfully fetched from API.
2024-10-13 10:57:12,555 - INFO - Data transformation completed successfully.
2024-10-13 10:57:17,368 - INFO - Data loaded successfully to crime-in-sweden-project.Crime_in_Sweden.events.
2024-10-13 10:57:17,368 - INFO - ETL Pipeline finished. Total duration: 0:00:05.167956
2024-10-13 11:01:17,451 - INFO - ETL Pipeline started.
2024-10-13 11:01:17,525 - INFO - Data successfully fetched from API.
2024-10-13 11:01:17,659 - INFO - Data transformation completed successfully.
2024-10-13 11:01:25,829 - INFO - Data loaded successfully to crime-in-sweden-project.Crime_in_Sweden.events.
2024-10-13 11:01:25,829 - INFO - ETL Pipeline finished. Total duration: 0:00:08.378033
2024-10-14 11:44:59,864 - INFO - ETL Pipeline started.
2024-10-14 11:45:00,234 - INFO - Data successfully fetched from API.
2024-10-14 11:45:00,466 - INFO - Data transformation completed successfully.
2024-10-14 11:45:05,570 - INFO - Data loaded successfully to crime-in-sweden-project.Crime_in_Sweden.events.
2024-10-14 11:45:05,570 - INFO - ETL Pipeline finished. Total duration: 0:00:05.705450
2024-10-15 11:48:24,862 - INFO - ETL Pipeline started.
2024-10-15 11:48:25,217 - INFO - Data successfully fetched from API.
2024-10-15 11:48:25,422 - INFO - Data transformation completed successfully.
2024-10-15 11:48:31,127 - INFO - Data loaded successfully to crime-in-sweden-project.Crime_in_Sweden.events.
2024-10-15 11:48:31,127 - INFO - ETL Pipeline finished. Total duration: 0:00:06.264299
2024-10-15 11:50:40,538 - INFO - ETL Pipeline started.
2024-10-15 11:50:40,889 - INFO - Data successfully fetched from API.
2024-10-15 11:50:41,069 - INFO - Data transformation completed successfully.
2024-10-21 13:23:36,159 - INFO - ETL Pipeline started.
2024-10-21 13:23:36,492 - INFO - Data successfully fetched from API.
2024-10-21 13:23:36,669 - INFO - Data transformation completed successfully.
2024-10-21 13:23:36,684 - CRITICAL - ETL Pipeline failed: 'st.secrets has no key "gcp_service_account". Did you forget to add it to secrets.toml, mount it to secret directory, or the app settings on Streamlit Cloud? More info: https://docs.streamlit.io/deploy/streamlit-community-cloud/deploy-your-app/secrets-management'
2024-10-21 13:25:29,175 - INFO - ETL Pipeline started.
2024-10-21 13:25:29,255 - INFO - Data successfully fetched from API.
2024-10-21 13:25:29,334 - INFO - Data transformation completed successfully.
2024-10-21 13:25:29,585 - CRITICAL - ETL Pipeline failed: Found invalid character in key name: ':'. Try quoting the key name. (line 2 column 7 char 28)
2024-10-21 13:26:26,905 - INFO - ETL Pipeline started.
2024-10-21 13:26:27,230 - INFO - Data successfully fetched from API.
2024-10-21 13:26:27,302 - INFO - Data transformation completed successfully.
2024-10-21 13:26:27,540 - CRITICAL - ETL Pipeline failed: Found tokens after a closed string. Invalid TOML. (line 2 column 1 char 22)
2024-10-21 13:28:11,410 - INFO - ETL Pipeline started.
2024-10-21 13:28:11,802 - INFO - Data successfully fetched from API.
2024-10-21 13:28:11,876 - INFO - Data transformation completed successfully.
2024-10-21 13:28:11,885 - ERROR - An error occurred during data loading: expected str, bytes or os.PathLike object, not Credentials
2024-10-21 13:28:11,886 - INFO - ETL Pipeline finished. Total duration: 0:00:00.476046
2024-10-21 13:28:39,001 - INFO - ETL Pipeline started.
2024-10-21 13:28:39,084 - INFO - Data successfully fetched from API.
2024-10-21 13:28:39,158 - INFO - Data transformation completed successfully.
2024-10-21 13:28:39,168 - ERROR - An error occurred during data loading: expected str, bytes or os.PathLike object, not Credentials
2024-10-21 13:28:39,169 - INFO - ETL Pipeline finished. Total duration: 0:00:00.167505
2024-10-21 13:30:22,030 - INFO - ETL Pipeline started.
2024-10-21 13:30:22,115 - INFO - Data successfully fetched from API.
2024-10-21 13:30:22,196 - INFO - Data transformation completed successfully.
2024-10-21 13:30:25,967 - INFO - Data loaded successfully to crime-in-sweden-project.Crime_in_Sweden.events.
2024-10-21 13:30:25,967 - INFO - ETL Pipeline finished. Total duration: 0:00:03.936872
2024-10-27 11:09:54,496 - INFO - ETL Pipeline started.
2024-10-27 11:09:54,582 - INFO - Data successfully fetched from API.
2024-10-27 11:09:54,679 - INFO - Data transformation completed successfully.
2024-10-27 11:09:58,782 - INFO - Data loaded successfully to crime-in-sweden-project.Crime_in_Sweden.events.
2024-10-27 11:09:58,782 - INFO - ETL Pipeline finished. Total duration: 0:00:04.286080
2024-10-28 12:34:10,814 - INFO - ETL Pipeline started.
2024-10-28 12:34:10,896 - INFO - Data successfully fetched from API.
2024-10-28 12:34:11,049 - INFO - Data transformation completed successfully.
2024-10-28 12:34:16,192 - INFO - Data loaded successfully to crime-in-sweden-project.Crime_in_Sweden.events.
2024-10-28 12:34:16,193 - INFO - ETL Pipeline finished. Total duration: 0:00:05.378524
2024-10-29 10:27:35,024 - INFO - ETL Pipeline started.
2024-10-29 10:27:35,429 - INFO - Data successfully fetched from API.
2024-10-29 10:27:35,542 - INFO - Data transformation completed successfully.
2024-10-29 10:27:40,891 - INFO - Data loaded successfully to crime-in-sweden-project.Crime_in_Sweden.events.
2024-10-29 10:27:40,891 - INFO - ETL Pipeline finished. Total duration: 0:00:05.867132
2024-10-30 11:34:01,018 - INFO - ETL Pipeline started.
2024-10-30 11:34:01,025 - ERROR - An error occurred during data extraction: HTTPSConnectionPool(host='polisen.se', port=443): Max retries exceeded with url: /api/events (Caused by NameResolutionError("<urllib3.connection.HTTPSConnection object at 0x00000190179DB250>: Failed to resolve 'polisen.se' ([Errno 11001] getaddrinfo failed)"))
2024-10-30 11:34:01,025 - INFO - ETL Pipeline finished. Total duration: 0:00:00.007518
2024-10-30 11:36:12,296 - INFO - ETL Pipeline started.
2024-10-30 11:36:12,399 - INFO - Data successfully fetched from API.
2024-10-30 11:36:12,577 - INFO - Data transformation completed successfully.
2024-10-30 11:36:18,397 - INFO - Data loaded successfully to crime-in-sweden-project.Crime_in_Sweden.events.
2024-10-30 11:36:18,397 - INFO - ETL Pipeline finished. Total duration: 0:00:06.100556
2024-10-31 11:44:15,028 - INFO - ETL Pipeline started.
2024-10-31 11:44:15,119 - INFO - Data successfully fetched from API.
2024-10-31 11:44:15,226 - INFO - Data transformation completed successfully.
2024-10-31 11:44:19,339 - INFO - Data loaded successfully to crime-in-sweden-project.Crime_in_Sweden.events.
2024-10-31 11:44:19,339 - INFO - ETL Pipeline finished. Total duration: 0:00:04.310880
